Watching for file changes with StatReloader
"OPTIONS /api/token/ HTTP/1.1" 200 0
"POST /api/token/ HTTP/1.1" 200 489
"OPTIONS /api/users/me/ HTTP/1.1" 200 0
"GET /api/users/me/ HTTP/1.1" 200 85
"GET /api/users/me/ HTTP/1.1" 200 85
"OPTIONS /api/proposals/ HTTP/1.1" 200 0
"GET /api/users/me/ HTTP/1.1" 200 85
"GET /api/proposals/ HTTP/1.1" 200 450
"GET /api/proposals/ HTTP/1.1" 200 450
"GET /api/users/me/ HTTP/1.1" 200 85
"GET /api/proposals/ HTTP/1.1" 200 450
"GET /api/users/me/ HTTP/1.1" 200 85
"GET /api/proposals/ HTTP/1.1" 200 450
"GET /api/users/me/ HTTP/1.1" 200 85
"GET /api/users/me/ HTTP/1.1" 200 85
"GET /api/proposals/ HTTP/1.1" 200 450
"GET /api/proposals/ HTTP/1.1" 200 450
Unauthorized: /api/dashboard/client/
Watching for file changes with StatReloader
Unauthorized: /api/dashboard/client/
"GET /api/dashboard/client/ HTTP/1.1" 401 58
"POST /api/token/ HTTP/1.1" 200 489
"POST /api/token/ HTTP/1.1" 200 489
"GET /api/dashboard/client/ HTTP/1.1" 200 105
"POST /api/token/ HTTP/1.1" 200 489
Unauthorized: /api/dashboard/client/projects/
"GET /api/dashboard/client/projects/ HTTP/1.1" 401 172
"GET /api/dashboard/client/projects/ HTTP/1.1" 200 134
"POST /api/token/ HTTP/1.1" 200 489
"GET /api/dashboard/freelancer/ HTTP/1.1" 200 106
"GET /api/dashboard/freelancer/proposals/ HTTP/1.1" 200 302
"GET /api/dashboard/freelancer/contracts/ HTTP/1.1" 200 168
Unauthorized: /api/dashboard/admin/
"GET /api/dashboard/admin/ HTTP/1.1" 401 58
"GET /api/dashboard/freelancer/ HTTP/1.1" 200 106
"POST /api/token/ HTTP/1.1" 200 489
Unauthorized: /api/dashboard/freelancer/
"GET /api/dashboard/freelancer/ HTTP/1.1" 401 172
"POST /api/token/ HTTP/1.1" 200 489
"GET /api/dashboard/freelancer/ HTTP/1.1" 200 106
Forbidden: /api/dashboard/client/
"GET /api/dashboard/client/ HTTP/1.1" 403 40
"POST /api/token/ HTTP/1.1" 200 489
"GET /api/users/me/ HTTP/1.1" 200 85
"GET /api/users/me/ HTTP/1.1" 200 85
"GET /api/users/me/ HTTP/1.1" 200 85
"GET /api/proposals/ HTTP/1.1" 200 450
"GET /api/proposals/ HTTP/1.1" 200 450
"GET /api/users/me/ HTTP/1.1" 200 85
"GET /api/users/me/ HTTP/1.1" 200 85
"GET /api/proposals/ HTTP/1.1" 200 450
"GET /api/proposals/ HTTP/1.1" 200 450
"GET /api/users/me/ HTTP/1.1" 200 85
"GET /api/proposals/ HTTP/1.1" 200 450
"GET /api/users/me/ HTTP/1.1" 200 85
"GET /api/proposals/ HTTP/1.1" 200 450
"GET /api/users/me/ HTTP/1.1" 200 85
"GET /api/users/me/ HTTP/1.1" 200 85
"GET /api/proposals/ HTTP/1.1" 200 450
"GET /api/proposals/ HTTP/1.1" 200 450
"GET /api/users/me/ HTTP/1.1" 200 85
"GET /api/users/me/ HTTP/1.1" 200 85
"GET /api/proposals/ HTTP/1.1" 200 450
"GET /api/proposals/ HTTP/1.1" 200 450
"GET /api/users/me/ HTTP/1.1" 200 85
"GET /api/users/me/ HTTP/1.1" 200 85
"GET /api/proposals/ HTTP/1.1" 200 450
"GET /api/proposals/ HTTP/1.1" 200 450
"GET /api/users/me/ HTTP/1.1" 200 85
"GET /api/users/me/ HTTP/1.1" 200 85
"GET /api/proposals/ HTTP/1.1" 200 450
"GET /api/proposals/ HTTP/1.1" 200 450
"GET /api/users/me/ HTTP/1.1" 200 85
"OPTIONS /api/users/profile/ HTTP/1.1" 200 0
"GET /api/users/me/ HTTP/1.1" 200 85
"GET /api/users/profile/ HTTP/1.1" 200 114
"GET /api/users/profile/ HTTP/1.1" 200 114
"GET /api/users/me/ HTTP/1.1" 200 85
"GET /api/users/me/ HTTP/1.1" 200 85
"GET /api/proposals/ HTTP/1.1" 200 450
"GET /api/proposals/ HTTP/1.1" 200 450
"GET /api/users/me/ HTTP/1.1" 200 85
"GET /api/users/me/ HTTP/1.1" 200 85
"GET /api/proposals/ HTTP/1.1" 200 450
"GET /api/proposals/ HTTP/1.1" 200 450
"POST /api/token/ HTTP/1.1" 200 489
"GET /api/users/me/ HTTP/1.1" 200 85
"GET /api/users/me/ HTTP/1.1" 200 85
"GET /api/users/me/ HTTP/1.1" 200 85
"GET /api/proposals/ HTTP/1.1" 200 450
"GET /api/proposals/ HTTP/1.1" 200 450
"POST /api/token/ HTTP/1.1" 200 489
"GET /api/users/me/ HTTP/1.1" 200 85
"GET /api/users/me/ HTTP/1.1" 200 85
"GET /api/users/me/ HTTP/1.1" 200 85
"GET /api/proposals/ HTTP/1.1" 200 450
"GET /api/proposals/ HTTP/1.1" 200 450
"GET /api/users/me/ HTTP/1.1" 200 85
"GET /api/users/me/ HTTP/1.1" 200 85
"GET /api/proposals/ HTTP/1.1" 200 450
"GET /api/proposals/ HTTP/1.1" 200 450
"GET /api/users/me/ HTTP/1.1" 200 85
"GET /api/users/me/ HTTP/1.1" 200 85
"GET /api/proposals/ HTTP/1.1" 200 450
"GET /api/proposals/ HTTP/1.1" 200 450
"GET /api/users/me/ HTTP/1.1" 200 85
"GET /api/users/me/ HTTP/1.1" 200 85
"GET /api/proposals/ HTTP/1.1" 200 450
"GET /api/proposals/ HTTP/1.1" 200 450
Unauthorized: /api/users/me/
"GET /api/users/me/ HTTP/1.1" 401 172
Unauthorized: /api/users/me/
"GET /api/users/me/ HTTP/1.1" 401 172
Unauthorized: /api/users/me/
"GET /api/users/me/ HTTP/1.1" 401 172
Unauthorized: /api/users/me/
"GET /api/users/me/ HTTP/1.1" 401 172
"POST /api/token/ HTTP/1.1" 200 489
"GET /api/users/me/ HTTP/1.1" 200 85
"GET /api/users/me/ HTTP/1.1" 200 85
"GET /api/users/me/ HTTP/1.1" 200 85
"GET /api/proposals/ HTTP/1.1" 200 450
"GET /api/proposals/ HTTP/1.1" 200 450
"POST /api/token/ HTTP/1.1" 200 489
"GET /api/users/me/ HTTP/1.1" 200 69
"GET /api/users/me/ HTTP/1.1" 200 69
"OPTIONS /api/projects/ HTTP/1.1" 200 0
"GET /api/users/me/ HTTP/1.1" 200 69
"GET /api/projects/ HTTP/1.1" 200 303
"GET /api/projects/ HTTP/1.1" 200 303
"GET /api/proposals/ HTTP/1.1" 200 450
"GET /api/proposals/ HTTP/1.1" 200 450
"POST /api/token/ HTTP/1.1" 200 489
"GET /api/users/me/ HTTP/1.1" 200 69
"GET /api/users/me/ HTTP/1.1" 200 69
"GET /api/users/me/ HTTP/1.1" 200 69
"GET /api/projects/ HTTP/1.1" 200 303
"GET /api/projects/ HTTP/1.1" 200 303
"GET /api/proposals/ HTTP/1.1" 200 450
"GET /api/proposals/ HTTP/1.1" 200 450
"POST /api/token/ HTTP/1.1" 200 489
"GET /api/users/me/ HTTP/1.1" 200 85
"GET /api/users/me/ HTTP/1.1" 200 85
"GET /api/users/me/ HTTP/1.1" 200 85
"GET /api/proposals/ HTTP/1.1" 200 450
"GET /api/proposals/ HTTP/1.1" 200 450
"GET /api/users/me/ HTTP/1.1" 200 85
"GET /api/users/me/ HTTP/1.1" 200 85
"GET /api/proposals/ HTTP/1.1" 200 450
"GET /api/proposals/ HTTP/1.1" 200 450
"GET /api/users/me/ HTTP/1.1" 200 85
"GET /api/users/me/ HTTP/1.1" 200 85
"GET /api/proposals/ HTTP/1.1" 200 450
"GET /api/proposals/ HTTP/1.1" 200 450
"POST /api/token/ HTTP/1.1" 200 489
"GET /api/users/me/ HTTP/1.1" 200 85
"GET /api/users/me/ HTTP/1.1" 200 85
"GET /api/users/me/ HTTP/1.1" 200 85
"GET /api/proposals/ HTTP/1.1" 200 450
"GET /api/proposals/ HTTP/1.1" 200 450
